<?xml version="1.0" encoding="UTF-8"?>
<testng-results ignored="0" total="6" passed="6" failed="0" skipped="0">
  <reporter-output>
  </reporter-output>
  <suite started-at="2023-12-01T14:20:08 IST" name="Default suite" finished-at="2023-12-01T14:23:55 IST" duration-ms="227080">
    <groups>
      <group name="cucumber">
        <method signature="AbstractTestNGCucumberTests.runScenario(io.cucumber.testng.PickleWrapper,io.cucumber.testng.FeatureWrapper)[pri:0, instance:com.demo.runner.RunnerClass@6cb107fd]" name="runScenario" class="io.cucumber.testng.AbstractTestNGCucumberTests"/>
      </group> <!-- cucumber -->
    </groups>
    <test started-at="2023-12-01T14:20:08 IST" name="Default test" finished-at="2023-12-01T14:23:55 IST" duration-ms="227080">
      <class name="com.demo.runner.RunnerClass">
        <test-method is-config="true" signature="setUpClass(org.testng.ITestContext)[pri:0, instance:com.demo.runner.RunnerClass@6cb107fd]" started-at="2023-12-01T14:20:08 IST" name="setUpClass" finished-at="2023-12-01T14:20:10 IST" duration-ms="1793" status="PASS">
          <params>
            <param index="0">
              <value>
                <![CDATA[org.testng.TestRunner@497fd334]]>
              </value>
            </param>
          </params>
          <reporter-output>
          </reporter-output>
        </test-method> <!-- setUpClass -->
        <test-method signature="runScenario(io.cucumber.testng.PickleWrapper,io.cucumber.testng.FeatureWrapper)[pri:0, instance:com.demo.runner.RunnerClass@6cb107fd]" started-at="2023-12-01T14:20:10 IST" name="runScenario" description="Runs Cucumber Scenarios" data-provider="scenarios" finished-at="2023-12-01T14:20:53 IST" duration-ms="43259" status="PASS">
          <params>
            <param index="0">
              <value>
                <![CDATA["User successfully logs in with valid number and OTP"]]>
              </value>
            </param>
            <param index="1">
              <value>
                <![CDATA["Testing the rental agreement and rent recipts functionalities"]]>
              </value>
            </param>
          </params>
          <reporter-output>
          </reporter-output>
        </test-method> <!-- runScenario -->
        <test-method signature="runScenario(io.cucumber.testng.PickleWrapper,io.cucumber.testng.FeatureWrapper)[pri:0, instance:com.demo.runner.RunnerClass@6cb107fd]" started-at="2023-12-01T14:20:53 IST" name="runScenario" description="Runs Cucumber Scenarios" data-provider="scenarios" finished-at="2023-12-01T14:21:18 IST" duration-ms="24919" status="PASS">
          <params>
            <param index="0">
              <value>
                <![CDATA["User validates Rent Receipts process with valid credentials"]]>
              </value>
            </param>
            <param index="1">
              <value>
                <![CDATA["Testing the rental agreement and rent recipts functionalities"]]>
              </value>
            </param>
          </params>
          <reporter-output>
          </reporter-output>
        </test-method> <!-- runScenario -->
        <test-method signature="runScenario(io.cucumber.testng.PickleWrapper,io.cucumber.testng.FeatureWrapper)[pri:0, instance:com.demo.runner.RunnerClass@6cb107fd]" started-at="2023-12-01T14:21:18 IST" name="runScenario" description="Runs Cucumber Scenarios" data-provider="scenarios" finished-at="2023-12-01T14:21:43 IST" duration-ms="24474" status="PASS">
          <params>
            <param index="0">
              <value>
                <![CDATA["User validates Rent Receipts process with invalid credentials"]]>
              </value>
            </param>
            <param index="1">
              <value>
                <![CDATA["Testing the rental agreement and rent recipts functionalities"]]>
              </value>
            </param>
          </params>
          <reporter-output>
          </reporter-output>
        </test-method> <!-- runScenario -->
        <test-method signature="runScenario(io.cucumber.testng.PickleWrapper,io.cucumber.testng.FeatureWrapper)[pri:0, instance:com.demo.runner.RunnerClass@6cb107fd]" started-at="2023-12-01T14:21:43 IST" name="runScenario" description="Runs Cucumber Scenarios" data-provider="scenarios" finished-at="2023-12-01T14:22:10 IST" duration-ms="27569" status="PASS">
          <params>
            <param index="0">
              <value>
                <![CDATA["Paying rent with Credit card Online"]]>
              </value>
            </param>
            <param index="1">
              <value>
                <![CDATA["Testing the rental agreement and rent recipts functionalities"]]>
              </value>
            </param>
          </params>
          <reporter-output>
          </reporter-output>
        </test-method> <!-- runScenario -->
        <test-method signature="runScenario(io.cucumber.testng.PickleWrapper,io.cucumber.testng.FeatureWrapper)[pri:0, instance:com.demo.runner.RunnerClass@6cb107fd]" started-at="2023-12-01T14:22:10 IST" name="runScenario" description="Runs Cucumber Scenarios" data-provider="scenarios" finished-at="2023-12-01T14:23:13 IST" duration-ms="63341" status="PASS">
          <params>
            <param index="0">
              <value>
                <![CDATA["User validates the rental agreement with invalid generate estimate"]]>
              </value>
            </param>
            <param index="1">
              <value>
                <![CDATA["Testing the rental agreement and rent recipts functionalities"]]>
              </value>
            </param>
          </params>
          <reporter-output>
          </reporter-output>
        </test-method> <!-- runScenario -->
        <test-method signature="runScenario(io.cucumber.testng.PickleWrapper,io.cucumber.testng.FeatureWrapper)[pri:0, instance:com.demo.runner.RunnerClass@6cb107fd]" started-at="2023-12-01T14:23:13 IST" name="runScenario" description="Runs Cucumber Scenarios" data-provider="scenarios" finished-at="2023-12-01T14:23:54 IST" duration-ms="40924" status="PASS">
          <params>
            <param index="0">
              <value>
                <![CDATA["User should not login with invalid number and OTP"]]>
              </value>
            </param>
            <param index="1">
              <value>
                <![CDATA["Testing the rental agreement and rent recipts functionalities"]]>
              </value>
            </param>
          </params>
          <reporter-output>
          </reporter-output>
        </test-method> <!-- runScenario -->
        <test-method is-config="true" signature="tearDownClass()[pri:0, instance:com.demo.runner.RunnerClass@6cb107fd]" started-at="2023-12-01T14:23:54 IST" name="tearDownClass" finished-at="2023-12-01T14:23:55 IST" duration-ms="712" status="PASS">
          <reporter-output>
          </reporter-output>
        </test-method> <!-- tearDownClass -->
      </class> <!-- com.demo.runner.RunnerClass -->
    </test> <!-- Default test -->
  </suite> <!-- Default suite -->
</testng-results>
